Arguments: 
  C:\Program Files\nodejs\node.exe C:\Users\SAMSUNG\AppData\Roaming\npm\node_modules\yarn\bin\yarn.js add react react-dom

PATH: 
  C:\Users\SAMSUNG\bin;C:\Program Files\Git\mingw64\bin;C:\Program Files\Git\usr\local\bin;C:\Program Files\Git\usr\bin;C:\Program Files\Git\usr\bin;C:\Program Files\Git\mingw64\bin;C:\Program Files\Git\usr\bin;C:\Users\SAMSUNG\bin;C:\WINDOWS\system32;C:\WINDOWS;C:\WINDOWS\System32\Wbem;C:\WINDOWS\System32\WindowsPowerShell\v1.0;C:\Program Files\Microsoft VS Code\bin;C:\Program Files\nodejs;C:\Program Files\Git\cmd;C:\WINDOWS\System32\OpenSSH;C:\Users\SAMSUNG\AppData\Roaming\npm;C:\Users\SAMSUNG\AppData\Local\Microsoft\WindowsApps;C:\Program Files\heroku\bin;C:\Program Files\Git\usr\bin\vendor_perl;C:\Program Files\Git\usr\bin\core_perl

Yarn version: 
  1.22.10

Node version: 
  16.14.2

Platform: 
  win32 x64

Trace: 
  Error: getaddrinfo ENOTFOUND registry.yarnpkg.com
      at GetAddrInfoReqWrap.onlookup [as oncomplete] (node:dns:71:26)

npm manifest: 
  {
    "name": "Wolves-in-Trading-Forex-Academy-Website",
    "version": "1.0.0",
    "main": "index.js",
    "repository": "git@github.com:webagent-dev/Wolves-in-Trading-Forex-Academy-Website.git",
    "author": "webagent-dev <webagent24@gmail.com>",
    "license": "MIT"
  }

yarn manifest: 
  No manifest

Lockfile: 
  No lockfile
